2025-12-05 18:29:17,351 - INFO - Outfit-Bot Skript gestartet (One-Submission-Limit Debug-Version). V4.
2025-12-05 18:29:17,361 - INFO - Befehls-listener gestartet.
2025-12-05 18:29:23,369 - INFO - Versuche, täglichen Post zu senden...
2025-12-05 18:29:23,370 - INFO - Daten erfolgreich in outfit_bot_data.json gespeichert.
2025-12-05 18:29:23,370 - INFO - Wettbewerbsdaten zurückgesetzt.
2025-12-05 18:29:24,489 - INFO - Täglicher Post erfolgreich an -1003234700999 gesendet.
2025-12-05 18:29:59,156 - INFO - handle_photo_submission: User 5544098336. Aktuelle Submissions: {}
2025-12-05 18:29:59,156 - INFO - Initiales Markup für User 5544098336: ['👍 (0)', '❤️ (0)', '🔥 (0)']
2025-12-05 18:29:59,276 - INFO - Daten erfolgreich in outfit_bot_data.json gespeichert.
2025-12-05 18:29:59,342 - INFO - Foto von pup_Rinno_cgn (ID: 5544098336) gepostet. Message ID: 203. Submissions nach Update: {"5544098336": {"message_id": 203, "photo_id": "AgACAgIAAxkBAAP8aTMdg1U2EujuVcYobAvFO-kucHIAAsUPaxtWFphJ1kTk5eESwCIBAAMCAANtAAM2BA", "username": "pup_Rinno_cgn"}}
2025-12-05 18:30:04,439 - INFO - handle_photo_submission: User 5544098336. Aktuelle Submissions: {"5544098336": {"message_id": 203, "photo_id": "AgACAgIAAxkBAAP8aTMdg1U2EujuVcYobAvFO-kucHIAAsUPaxtWFphJ1kTk5eESwCIBAAMCAANtAAM2BA", "username": "pup_Rinno_cgn"}}
2025-12-05 18:30:04,543 - INFO - User 5544098336 versucht erneut, Bild hochzuladen. Abgelehnt.
2025-12-05 18:30:08,840 - INFO - Voter 5544098336 gibt neue Stimme love für Message 203 ab.
2025-12-05 18:30:08,853 - INFO - Daten erfolgreich in outfit_bot_data.json gespeichert.
2025-12-05 18:30:08,853 - INFO - Berechnete Counts für Message 203: {'like': 0, 'love': 1, 'fire': 0}
2025-12-05 18:30:08,854 - INFO - Versuche, Message 203 mit Buttons zu aktualisieren: ['👍 (0)', '❤️ (1)', '🔥 (0)']
2025-12-05 18:30:08,948 - INFO - Message 203 erfolgreich aktualisiert.
2025-12-05 18:30:14,539 - INFO - Ermittle Gewinner...
2025-12-05 18:30:14,743 - INFO - Gewinner bekannt gegeben: pup_Rinno_cgn (1 Votes).
2025-12-05 18:30:14,758 - INFO - Daten erfolgreich in outfit_bot_data.json gespeichert.
2025-12-05 18:30:14,758 - INFO - Wettbewerbsdaten zurückgesetzt.
2025-12-05 18:30:24,105 - INFO - Voter 7386906637 gibt neue Stimme fire für Message 203 ab.
2025-12-05 18:30:24,117 - INFO - Daten erfolgreich in outfit_bot_data.json gespeichert.
2025-12-05 18:30:24,118 - INFO - Berechnete Counts für Message 203: {'like': 0, 'love': 0, 'fire': 1}
2025-12-05 18:30:24,118 - INFO - Versuche, Message 203 mit Buttons zu aktualisieren: ['👍 (0)', '❤️ (0)', '🔥 (1)']
2025-12-05 18:30:24,204 - INFO - Message 203 erfolgreich aktualisiert.
2025-12-05 18:30:33,979 - INFO - Voter 7386906637 ändert Stimme von fire zu love für Message 203.
2025-12-05 18:30:33,987 - INFO - Daten erfolgreich in outfit_bot_data.json gespeichert.
2025-12-05 18:30:33,988 - INFO - Berechnete Counts für Message 203: {'like': 0, 'love': 1, 'fire': 0}
2025-12-05 18:30:33,988 - INFO - Versuche, Message 203 mit Buttons zu aktualisieren: ['👍 (0)', '❤️ (1)', '🔥 (0)']
2025-12-05 18:30:34,168 - INFO - Message 203 erfolgreich aktualisiert.
2025-12-05 18:30:35,012 - INFO - Voter 7386906637 ändert Stimme von love zu like für Message 203.
2025-12-05 18:30:35,013 - INFO - Daten erfolgreich in outfit_bot_data.json gespeichert.
2025-12-05 18:30:35,013 - INFO - Berechnete Counts für Message 203: {'like': 1, 'love': 0, 'fire': 0}
2025-12-05 18:30:35,013 - INFO - Versuche, Message 203 mit Buttons zu aktualisieren: ['👍 (1)', '❤️ (0)', '🔥 (0)']
2025-12-05 18:30:35,200 - INFO - Message 203 erfolgreich aktualisiert.
